0 info it worked if it ends with ok
1 verbose cli [ 'node', '/opt/local/bin/npm', 'install' ]
2 info using npm@1.2.23
3 info using node@v0.6.3
4 verbose read json /Users/johndebovis/workspace/osx-usages-stats/website/package.json
5 warn package.json personalstats@0.0.1 No repository field.
6 warn package.json personalstats@0.0.1 No readme data.
7 verbose readDependencies using package.json deps
8 verbose install where, deps [ '/Users/johndebovis/workspace/osx-usages-stats/website',
8 verbose install   [ 'express', 'jquery', 'ejs', 'stylus' ] ]
9 verbose from cache /Users/johndebovis/workspace/osx-usages-stats/website/package.json
10 info preinstall personalstats@0.0.1
11 verbose read json /Users/johndebovis/workspace/osx-usages-stats/website/node_modules/ejs/package.json
12 verbose read json /Users/johndebovis/workspace/osx-usages-stats/website/node_modules/express/package.json
13 verbose read json /Users/johndebovis/workspace/osx-usages-stats/website/node_modules/jquery/package.json
14 verbose read json /Users/johndebovis/workspace/osx-usages-stats/website/node_modules/stylus/package.json
15 verbose from cache /Users/johndebovis/workspace/osx-usages-stats/website/package.json
16 verbose readDependencies using package.json deps
17 verbose from cache /Users/johndebovis/workspace/osx-usages-stats/website/node_modules/ejs/package.json
18 verbose from cache /Users/johndebovis/workspace/osx-usages-stats/website/node_modules/express/package.json
19 verbose read json /Users/johndebovis/workspace/osx-usages-stats/website/node_modules/jquery/package.json
20 verbose from cache /Users/johndebovis/workspace/osx-usages-stats/website/node_modules/stylus/package.json
21 verbose already installed skipping express@3.1.0 /Users/johndebovis/workspace/osx-usages-stats/website
22 verbose cache add [ 'jquery@*', null ]
23 verbose cache add name=undefined spec="jquery@*" args=["jquery@*",null]
24 verbose parsed url { pathname: 'jquery@*', path: 'jquery@*', href: 'jquery@*' }
25 verbose cache add name="jquery" spec="*" args=["jquery","*"]
26 verbose parsed url { pathname: '*', path: '*', href: '*' }
27 verbose addNamed [ 'jquery', '*' ]
28 verbose addNamed [ null, '' ]
29 verbose already installed skipping ejs@* /Users/johndebovis/workspace/osx-usages-stats/website
30 verbose already installed skipping stylus@* /Users/johndebovis/workspace/osx-usages-stats/website
31 silly lockFile 940b64bc-jquery jquery@*
32 verbose lock jquery@* /Users/johndebovis/.npm/940b64bc-jquery.lock
33 silly addNameRange { name: 'jquery', range: '', hasData: false }
34 verbose url raw jquery
35 verbose url resolving [ 'https://registry.npmjs.org/', './jquery' ]
36 verbose url resolved https://registry.npmjs.org/jquery
37 info trying registry request attempt 1 at 15:30:36
38 verbose etag "5HXQ2DC9C4JXZVW0ZHGWSHRM6"
39 http GET https://registry.npmjs.org/jquery
40 http 304 https://registry.npmjs.org/jquery
41 silly registry.get cb [ 304,
41 silly registry.get   { server: 'CouchDB/1.3.0 (Erlang OTP/R15B03)',
41 silly registry.get     etag: '"5HXQ2DC9C4JXZVW0ZHGWSHRM6"',
41 silly registry.get     date: 'Sun, 26 May 2013 19:30:29 GMT',
41 silly registry.get     'content-length': '0' } ]
42 verbose etag jquery from cache
43 silly addNameRange number 2 { name: 'jquery', range: '', hasData: true }
44 silly addNameRange versions [ 'jquery',
44 silly addNameRange   [ '1.5.1', '1.6.2', '1.6.3', '1.7.2', '1.7.3', '1.8.2', '1.8.3' ] ]
45 verbose addNamed [ 'jquery', '1.8.3' ]
46 verbose addNamed [ '1.8.3', '1.8.3' ]
47 silly lockFile c39883fe-jquery-1-8-3 jquery@1.8.3
48 verbose lock jquery@1.8.3 /Users/johndebovis/.npm/c39883fe-jquery-1-8-3.lock
49 verbose read json /Users/johndebovis/.npm/jquery/1.8.3/package/package.json
50 silly lockFile c39883fe-jquery-1-8-3 jquery@1.8.3
51 silly lockFile c39883fe-jquery-1-8-3 jquery@1.8.3
52 silly lockFile 940b64bc-jquery jquery@*
53 silly lockFile 940b64bc-jquery jquery@*
54 silly resolved [ { name: 'jquery',
54 silly resolved     description: 'jQuery: The Write Less, Do More, JavaScript Library (packaged for Node.JS)',
54 silly resolved     version: '1.8.3',
54 silly resolved     url: 'http://jquery.com',
54 silly resolved     homepage: 'https://github.com/coolaj86/node-jquery',
54 silly resolved     author: { name: 'James Morrin', email: 'treasonx@gmail.com' },
54 silly resolved     repository:
54 silly resolved      { type: 'git',
54 silly resolved        url: 'git://github.com/coolaj86/node-jquery.git' },
54 silly resolved     bugs: { url: 'https://github.com/coolaj86/node-jquery/issues' },
54 silly resolved     licenses: [ [Object] ],
54 silly resolved     main: 'lib/node-jquery',
54 silly resolved     engines: { node: '>=0.6' },
54 silly resolved     scripts: { test: 'grunt test' },
54 silly resolved     dependencies:
54 silly resolved      { jsdom: '~0.2.14',
54 silly resolved        htmlparser: '1.7.6',
54 silly resolved        xmlhttprequest: '~1.4.2',
54 silly resolved        location: '0.0.1',
54 silly resolved        navigator: '~1.0.1',
54 silly resolved        contextify: '~0.1.3' },
54 silly resolved     devDependencies: { grunt: '~0.3.8', nodeunit: '~0.7.4' },
54 silly resolved     keywords: [ 'util', 'dom', 'jquery' ],
54 silly resolved     readme: 'DOES NOT WORK ON WINDOWS\n====\nMany people are having problems getting this module to work on windows. The\nfailure has to do with building contextify on window. It seems to be a windows\nenvironment issue. I don\'t have access to a windows machine so I cannot explore\nworking through the windows install process. If you figure out how to build\n[contextify](https://github.com/brianmcd/contextify) on windows please send me working instructions!\n\nNPM module jQuery is an EnderJS package. \n====\nplease use `npm install jquery` not `npm install jQuery`\n\n\nnode-jQuery\n====\n\nA stupid-simple wrapper over jQuery for  Node.JS (server). Currently 1.7.2.\n\nNode.JS\n---\n```\n    npm install jquery\n\n    var $ = require(\'jquery\');\n```\n\nExamples\n---\n```javascript\n    $("<h1>test passes</h1>").appendTo("body");\n    console.log($("body").html());\n```\n\nIn Node.JS you may also create separate window instances\n\n```javascript\n    var jsdom = require(\'jsdom\').jsdom\n      , myWindow = jsdom().createWindow()\n      , $ = require(\'jquery\')\n      , jq = require(\'jquery\').create()\n      , jQuery = require(\'jquery\').create(myWindow)\n      ;\n\n    $("<h1>test passes</h1>").appendTo("body");\n    console.log($("body").html());\n\n    jq("<h2>other test passes</h2>").appendTo("body");\n    console.log(jq("body").html());\n\n    jQuery("<h3>third test passes</h3>").appendTo("body");\n    console.log(jQuery("body").html());\n```\n\nOutput:\n\n```html\n    <h1>test passes</h1>\n    <h2>other test passes</h2>\n    <h3>third test passes</h3>\n```\n\nJSONP Example\n----\n\n```javascript\n    var $ = require(\'jquery\');\n\n    $.getJSON(\'http://twitter.com/status/user_timeline/treason.json?count=10&callback=?\',function(data) {\n      console.log(data);\n    });\n```\n\n',
54 silly resolved     readmeFilename: 'README.md',
54 silly resolved     _id: 'jquery@1.8.3',
54 silly resolved     _from: 'jquery@*' } ]
55 info install jquery@1.8.3 into /Users/johndebovis/workspace/osx-usages-stats/website
56 info installOne jquery@1.8.3
57 verbose from cache /Users/johndebovis/.npm/jquery/1.8.3/package/package.json
58 info /Users/johndebovis/workspace/osx-usages-stats/website/node_modules/jquery unbuild
59 verbose read json /Users/johndebovis/workspace/osx-usages-stats/website/node_modules/jquery/package.json
60 info /Users/johndebovis/workspace/osx-usages-stats/website/node_modules/jquery unbuild
61 verbose read json /Users/johndebovis/workspace/osx-usages-stats/website/node_modules/jquery/package.json
62 error error rolling back Error: UNKNOWN, unknown error '/Users/johndebovis/workspace/osx-usages-stats/website/node_modules/jquery'
62 error error rolling back  jquery@1.8.3 { [Error: UNKNOWN, unknown error '/Users/johndebovis/workspace/osx-usages-stats/website/node_modules/jquery']
62 error error rolling back   errno: -1,
62 error error rolling back   code: 'UNKNOWN',
62 error error rolling back   path: '/Users/johndebovis/workspace/osx-usages-stats/website/node_modules/jquery' }
63 error Error: UNKNOWN, unknown error '/Users/johndebovis/workspace/osx-usages-stats/website/node_modules/jquery'
64 error If you need help, you may report this log at:
64 error     <http://github.com/isaacs/npm/issues>
64 error or email it to:
64 error     <npm-@googlegroups.com>
65 error System Darwin 11.4.0
66 error command "node" "/opt/local/bin/npm" "install"
67 error cwd /Users/johndebovis/workspace/osx-usages-stats/website
68 error node -v v0.6.3
69 error npm -v 1.2.23
70 error path /Users/johndebovis/workspace/osx-usages-stats/website/node_modules/jquery
71 error code UNKNOWN
72 error errno -1
73 verbose exit [ -1, true ]
